Determining if the pthread_create exist failed with the following output:
Change Dir: /apollo/modules/tools/apollo_ros/build_isolated/pb_msgs_example/CMakeFiles/CMakeTmp

Run Build Command:/usr/bin/make "cmTryCompileExec3496371985/fast"
/usr/bin/make -f CMakeFiles/cmTryCompileExec3496371985.dir/build.make CMakeFiles/cmTryCompileExec3496371985.dir/build
make[1]: Entering directory `/apollo/modules/tools/apollo_ros/build_isolated/pb_msgs_example/CMakeFiles/CMakeTmp'
/usr/bin/cmake -E cmake_progress_report /apollo/modules/tools/apollo_ros/build_isolated/pb_msgs_example/CMakeFiles/CMakeTmp/CMakeFiles 1
Building C object CMakeFiles/cmTryCompileExec3496371985.dir/CheckSymbolExists.c.o
/usr/bin/cc    -o CMakeFiles/cmTryCompileExec3496371985.dir/CheckSymbolExists.c.o   -c /apollo/modules/tools/apollo_ros/build_isolated/pb_msgs_example/CMakeFiles/CMakeTmp/CheckSymbolExists.c
Linking C executable cmTryCompileExec3496371985
/usr/bin/cmake -E cmake_link_script CMakeFiles/cmTryCompileExec3496371985.dir/link.txt --verbose=1
/usr/bin/cc       CMakeFiles/cmTryCompileExec3496371985.dir/CheckSymbolExists.c.o  -o cmTryCompileExec3496371985 -rdynamic 
CMakeFiles/cmTryCompileExec3496371985.dir/CheckSymbolExists.c.o: In function `main':
CheckSymbolExists.c:(.text+0x16): undefined reference to `pthread_create'
collect2: error: ld returned 1 exit status
make[1]: *** [cmTryCompileExec3496371985] Error 1
make[1]: Leaving directory `/apollo/modules/tools/apollo_ros/build_isolated/pb_msgs_example/CMakeFiles/CMakeTmp'
make: *** [cmTryCompileExec3496371985/fast] Error 2

File /apollo/modules/tools/apollo_ros/build_isolated/pb_msgs_example/CMakeFiles/CMakeTmp/CheckSymbolExists.c:
/* */
#include <pthread.h>

int main(int argc, char** argv)
{
  (void)argv;
#ifndef pthread_create
  return ((int*)(&pthread_create))[argc];
#else
  (void)argc;
  return 0;
#endif
}

Determining if the function pthread_create exists in the pthreads failed with the following output:
Change Dir: /apollo/modules/tools/apollo_ros/build_isolated/pb_msgs_example/CMakeFiles/CMakeTmp

Run Build Command:/usr/bin/make "cmTryCompileExec1885023871/fast"
/usr/bin/make -f CMakeFiles/cmTryCompileExec1885023871.dir/build.make CMakeFiles/cmTryCompileExec1885023871.dir/build
make[1]: Entering directory `/apollo/modules/tools/apollo_ros/build_isolated/pb_msgs_example/CMakeFiles/CMakeTmp'
/usr/bin/cmake -E cmake_progress_report /apollo/modules/tools/apollo_ros/build_isolated/pb_msgs_example/CMakeFiles/CMakeTmp/CMakeFiles 1
Building C object CMakeFiles/cmTryCompileExec1885023871.dir/CheckFunctionExists.c.o
/usr/bin/cc   -DCHECK_FUNCTION_EXISTS=pthread_create   -o CMakeFiles/cmTryCompileExec1885023871.dir/CheckFunctionExists.c.o   -c /usr/share/cmake-2.8/Modules/CheckFunctionExists.c
Linking C executable cmTryCompileExec1885023871
/usr/bin/cmake -E cmake_link_script CMakeFiles/cmTryCompileExec1885023871.dir/link.txt --verbose=1
/usr/bin/cc   -DCHECK_FUNCTION_EXISTS=pthread_create    CMakeFiles/cmTryCompileExec1885023871.dir/CheckFunctionExists.c.o  -o cmTryCompileExec1885023871 -rdynamic -lpthreads 
/usr/bin/ld: cannot find -lpthreads
collect2: error: ld returned 1 exit status
make[1]: Leaving directory `/apollo/modules/tools/apollo_ros/build_isolated/pb_msgs_example/CMakeFiles/CMakeTmp'
make[1]: *** [cmTryCompileExec1885023871] Error 1
make: *** [cmTryCompileExec1885023871/fast] Error 2


